#
# A fatal error has been detected by the Java Runtime Environment:
#
#  EXCEPTION_ACCESS_VIOLATION (0xc0000005) at pc=0x000000005ab8ca07, pid=5540, tid=4020
#
# JRE version: Java(TM) SE Runtime Environment (8.0_51-b16) (build 1.8.0_51-b16)
# Java VM: Java HotSpot(TM) 64-Bit Server VM (25.51-b03 mixed mode windows-amd64 compressed oops)
# Problematic frame:
# V  [jvm.dll+0x13ca07]
#
# Failed to write core dump. Minidumps are not enabled by default on client versions of Windows
#
# If you would like to submit a bug report, please visit:
#   http://bugreport.java.com/bugreport/crash.jsp
#

---------------  T H R E A D  ---------------

Current thread (0x000000001741e000):  JavaThread "HIDCommandExecutionQueue.executor pool-5-thread-1" daemon [_thread_in_vm, id=4020, stack(0x00000000187b0000,0x00000000188b0000)]

siginfo: ExceptionCode=0xc0000005, reading address 0x0000000000000000

Registers:
RAX=0x0000000000000000, RBX=0x000000001741e000, RCX=0x0000000000000e00, RDX=0x000000001741ea40
RSP=0x00000000188aebf0, RBP=0x0000000000000000, RSI=0x000000001741ea40, RDI=0x0000000000000001
R8 =0x0000000000000000, R9 =0x00000000eae8f3b8, R10=0x000000000289a560, R11=0x000000005ac77bb0
R12=0x0000000000000000, R13=0x0000000017f29090, R14=0x00000000188aefa8, R15=0x000000001741e000
RIP=0x000000005ab8ca07, EFLAGS=0x0000000000010202

Top of Stack: (sp=0x00000000188aebf0)
0x00000000188aebf0:   00004facd6182538 00000000188aed60
0x00000000188aec00:   0000000000000000 00000000ebb801a0
0x00000000188aec10:   0000000000000000 0000000180001419
0x00000000188aec20:   0000000017f29090 00000000188aed60
0x00000000188aec30:   00000000ebb801a0 0000000017f29090
0x00000000188aec40:   000000005ac77bb0 000000018000132e
0x00000000188aec50:   00000000143fa9d8 000000001741e000
0x00000000188aec60:   00000000188af288 000000000289a560
0x00000000188aec70:   000000005ac77bb0 00000001800012f8
0x00000000188aec80:   00000000188af288 0000000002cf118c
0x00000000188aec90:   00000000eab93128 000000005abcbe81
0x00000000188aeca0:   00000000eac63168 00000000eac53868
0x00000000188aecb0:   00000000188aed30 000000001741e000
0x00000000188aecc0:   0000000017f706e8 00000000029cd0b1
0x00000000188aecd0:   0000000000000d78 00000000eac11210
0x00000000188aece0:   00000000ebb8c938 000000000289a560 

Instructions: (pc=0x000000005ab8ca07)
0x000000005ab8c9e7:   00 00 00 30 74 08 48 8b cb e8 fb 15 10 00 c7 83
0x000000005ab8c9f7:   70 02 00 00 06 00 00 00 40 b7 01 48 85 f6 74 60
0x000000005ab8ca07:   48 8b 4d 00 40 32 ff e8 2d ab f2 ff 48 8b d0 48
0x000000005ab8ca17:   85 c0 74 4c 40 38 3d bf d2 6b 00 4c 8b 06 74 16 


Register to memory mapping:

RAX=0x0000000000000000 is an unknown value
RBX=0x000000001741e000 is a thread
RCX=0x0000000000000e00 is an unknown value
RDX=0x000000001741ea40 is an unknown value
RSP=0x00000000188aebf0 is pointing into the stack for thread: 0x000000001741e000
RBP=0x0000000000000000 is an unknown value
RSI=0x000000001741ea40 is an unknown value
RDI=0x0000000000000001 is an unknown value
R8 =0x0000000000000000 is an unknown value
R9 =0x00000000eae8f3b8 is an oop
[Ljava.lang.Object; 
 - klass: 'java/lang/Object'[]
 - length: 5
R10=0x000000000289a560 is at code_begin+1632 in an Interpreter codelet
method entry point (kind = native)  [0x0000000002899f00, 0x000000000289af20]  4128 bytes
R11=0x000000005ac77bb0 is an unknown value
R12=0x0000000000000000 is an unknown value
R13={method} {0x0000000017f29098} 'invokeInt' '(I[Ljava/lang/Object;)I' in 'com/sun/jna/Function'
R14=0x00000000188aefa8 is pointing into the stack for thread: 0x000000001741e000
R15=0x000000001741e000 is a thread


Stack: [0x00000000187b0000,0x00000000188b0000],  sp=0x00000000188aebf0,  free space=1018k
Native frames: (J=compiled Java code, j=interpreted, Vv=VM code, C=native code)

Java frames: (J=compiled Java code, j=interpreted, Vv=VM code)
j  com.sun.jna.Function.invokeInt(I[Ljava/lang/Object;)I+0
j  com.sun.jna.Function.invoke([Ljava/lang/Object;Ljava/lang/Class;Z)Ljava/lang/Object;+92
J 1367 C1 com.sun.jna.Function.invoke(Ljava/lang/Class;[Ljava/lang/Object;Ljava/util/Map;)Ljava/lang/Object; (526 bytes) @ 0x0000000002d315ec [0x0000000002d30300+0x12ec]
j  com.sun.jna.Library$Handler.invoke(Ljava/lang/Object;Ljava/lang/reflect/Method;[Ljava/lang/Object;)Ljava/lang/Object;+341
j  com.sun.proxy.$Proxy2.WriteFile(Lcom/sun/jna/ptr/PointerByReference;[BILcom/sun/jna/ptr/IntByReference;Lcom/sun/jna/ptr/IntByReference;)Z+37
j  edu.cmu.ri.createlab.usb.hid.windows.WindowsHIDDevice.write([B)Ledu/cmu/ri/createlab/usb/hid/HIDWriteStatus;+207
j  edu.cmu.ri.createlab.usb.hid.CreateLabHIDCommandStrategy.execute(Ledu/cmu/ri/createlab/usb/hid/HIDDevice;)Ledu/cmu/ri/createlab/usb/hid/HIDCommandResponse;+15
j  edu.cmu.ri.createlab.usb.hid.CreateLabHIDCommandStrategy.execute(Ljava/lang/Object;)Ledu/cmu/ri/createlab/util/commandexecution/CommandResponse;+5
j  edu.cmu.ri.createlab.usb.hid.HIDCommand.call()Ledu/cmu/ri/createlab/usb/hid/HIDCommandResponse;+8
j  edu.cmu.ri.createlab.usb.hid.HIDCommand.call()Ljava/lang/Object;+1
j  java.util.concurrent.FutureTask.run()V+42
j  java.util.concurrent.ThreadPoolExecutor.runWorker(Ljava/util/concurrent/ThreadPoolExecutor$Worker;)V+95
j  java.util.concurrent.ThreadPoolExecutor$Worker.run()V+5
j  java.lang.Thread.run()V+11
v  ~StubRoutines::call_stub

---------------  P R O C E S S  ---------------

Java Threads: ( => current thread )
  0x00000000174b9000 JavaThread "main" [_thread_blocked, id=6172, stack(0x000000001ad40000,0x000000001ae40000)]
  0x00000000174b8000 JavaThread "AWT-EventQueue-0" [_thread_blocked, id=6672, stack(0x0000000019b10000,0x0000000019c10000)]
  0x00000000174b7800 JavaThread "AWT-Shutdown" [_thread_blocked, id=6444, stack(0x0000000018640000,0x0000000018740000)]
=>0x000000001741e000 JavaThread "HIDCommandExecutionQueue.executor pool-5-thread-1" daemon [_thread_in_vm, id=4020, stack(0x00000000187b0000,0x00000000188b0000)]
  0x000000001737c000 JavaThread "BaseFinchController.pingExecutorService pool-6-thread-1" daemon [_thread_blocked, id=2632, stack(0x0000000017ac0000,0x0000000017bc0000)]
  0x00000000172dd800 JavaThread "BaseCreateLabDeviceConnectivityManager.executorService pool-1-thread-1" daemon [_thread_blocked, id=5672, stack(0x0000000018420000,0x0000000018520000)]
  0x000000001730b000 JavaThread "DatasetPlotter.executorService pool-4-thread-1" daemon [_thread_blocked, id=5228, stack(0x0000000018270000,0x0000000018370000)]
  0x00000000172eb800 JavaThread "DatasetPlotter.executorService pool-3-thread-1" daemon [_thread_blocked, id=6696, stack(0x0000000018010000,0x0000000018110000)]
  0x00000000172e9800 JavaThread "DatasetPlotter.executorService pool-2-thread-1" daemon [_thread_blocked, id=6736, stack(0x00000000176e0000,0x00000000177e0000)]
  0x0000000001ce0000 JavaThread "DestroyJavaVM" [_thread_blocked, id=4412, stack(0x00000000024b0000,0x00000000025b0000)]
  0x0000000016ecb000 JavaThread "BlueJ worker thread" [_thread_blocked, id=5284, stack(0x0000000017970000,0x0000000017a70000)]
  0x0000000016ed0000 JavaThread "Java2D Disposer" daemon [_thread_blocked, id=5676, stack(0x0000000015c50000,0x0000000015d50000)]
  0x0000000014dcf000 JavaThread "Service Thread" daemon [_thread_blocked, id=2848, stack(0x0000000016c60000,0x0000000016d60000)]
  0x0000000014d92800 JavaThread "C1 CompilerThread1" daemon [_thread_blocked, id=4232, stack(0x0000000016740000,0x0000000016840000)]
  0x0000000014d90800 JavaThread "C2 CompilerThread0" daemon [_thread_blocked, id=6012, stack(0x0000000016550000,0x0000000016650000)]
  0x0000000014d85000 JavaThread "JDWP Command Reader" daemon [_thread_blocked, id=6884, stack(0x0000000016310000,0x0000000016410000)]
  0x0000000014d7d800 JavaThread "JDWP Event Helper Thread" daemon [_thread_blocked, id=2940, stack(0x0000000016190000,0x0000000016290000)]
  0x0000000014d74000 JavaThread "JDWP Transport Listener: dt_shmem" daemon [_thread_blocked, id=1048, stack(0x00000000158b0000,0x00000000159b0000)]
  0x0000000014d6c800 JavaThread "Attach Listener" daemon [_thread_blocked, id=6140, stack(0x0000000015f70000,0x0000000016070000)]
  0x0000000014d6b800 JavaThread "Signal Dispatcher" daemon [_thread_blocked, id=6052, stack(0x0000000015dc0000,0x0000000015ec0000)]
  0x0000000014d0d800 JavaThread "Finalizer" daemon [_thread_blocked, id=6780, stack(0x0000000015b50000,0x0000000015c50000)]
  0x0000000014d04800 JavaThread "Reference Handler" daemon [_thread_blocked, id=4016, stack(0x00000000159b0000,0x0000000015ab0000)]

Other Threads:
  0x0000000014cfe800 VMThread [stack: 0x0000000015740000,0x0000000015840000] [id=6740]

VM state:synchronizing (normal execution)

VM Mutex/Monitor currently owned by a thread:  ([mutex/lock_event])
[0x000000000015de90] Threads_lock - owner thread: 0x0000000014cfe800

Heap:
 PSYoungGen      total 18944K, used 11189K [0x00000000eab80000, 0x00000000ec080000, 0x0000000100000000)
  eden space 16384K, 52% used [0x00000000eab80000,0x00000000eb3f1d70,0x00000000ebb80000)
  from space 2560K, 99% used [0x00000000ebb80000,0x00000000ebdfb988,0x00000000ebe00000)
  to   space 2560K, 0% used [0x00000000ebe00000,0x00000000ebe00000,0x00000000ec080000)
 ParOldGen       total 44032K, used 391K [0x00000000c0200000, 0x00000000c2d00000, 0x00000000eab80000)
  object space 44032K, 0% used [0x00000000c0200000,0x00000000c0261ce8,0x00000000c2d00000)
 Metaspace       used 14028K, capacity 14318K, committed 14592K, reserved 1062912K
  class space    used 1636K, capacity 1741K, committed 1792K, reserved 1048576K

Card table byte_map: [0x0000000011c40000,0x0000000011e40000] byte_map_base: 0x000000001163f000

Marking Bits: (ParMarkBitMap*) 0x000000005b254040
 Begin Bits: [0x00000000121e0000, 0x00000000131d8000)
 End Bits:   [0x00000000131d8000, 0x00000000141d0000)

Polling page: 0x0000000000130000

CodeCache: size=245760Kb used=4929Kb max_used=4941Kb free=240830Kb
 bounds [0x0000000002880000, 0x0000000002d60000, 0x0000000011880000]
 total_blobs=1834 nmethods=1349 adapters=407
 compilation: enabled

Compilation events (10 events):
Event: 100.189 Thread 0x0000000014d92800 1385       3       sun.swing.SwingUtilities2::getFontMetrics (10 bytes)
Event: 100.190 Thread 0x0000000014d92800 nmethod 1385 0x0000000002d51ad0 code [0x0000000002d51ce0, 0x0000000002d52618]
Event: 100.190 Thread 0x0000000014d92800 1386       3       sun.java2d.SunGraphics2D::getFont (19 bytes)
Event: 100.191 Thread 0x0000000014d92800 nmethod 1386 0x0000000002d52b90 code [0x0000000002d52ce0, 0x0000000002d52eb0]
Event: 101.251 Thread 0x0000000014d92800 1387       3       com.sun.jna.Pointer::<init> (5 bytes)
Event: 101.251 Thread 0x0000000014d92800 nmethod 1387 0x0000000002d52f10 code [0x0000000002d53080, 0x0000000002d53230]
Event: 101.475 Thread 0x0000000014d90800 1388       4       sun.awt.AWTAutoShutdown::notifyToolkitThreadBusy (8 bytes)
Event: 101.479 Thread 0x0000000014d90800 nmethod 1388 0x0000000002d56490 code [0x0000000002d565e0, 0x0000000002d56b38]
Event: 101.479 Thread 0x0000000014d90800 1389       4       sun.awt.AWTAutoShutdown::notifyToolkitThreadFree (8 bytes)
Event: 101.483 Thread 0x0000000014d90800 nmethod 1389 0x0000000002d56ed0 code [0x0000000002d57020, 0x0000000002d57558]

GC Heap History (2 events):
Event: 69.087 GC heap before
{Heap before GC invocations=1 (full 0):
 PSYoungGen      total 18944K, used 16384K [0x00000000eab80000, 0x00000000ec080000, 0x0000000100000000)
  eden space 16384K, 100% used [0x00000000eab80000,0x00000000ebb80000,0x00000000ebb80000)
  from space 2560K, 0% used [0x00000000ebe00000,0x00000000ebe00000,0x00000000ec080000)
  to   space 2560K, 0% used [0x00000000ebb80000,0x00000000ebb80000,0x00000000ebe00000)
 ParOldGen       total 44032K, used 0K [0x00000000c0200000, 0x00000000c2d00000, 0x00000000eab80000)
  object space 44032K, 0% used [0x00000000c0200000,0x00000000c0200000,0x00000000c2d00000)
 Metaspace       used 10867K, capacity 11084K, committed 11392K, reserved 1058816K
  class space    used 1270K, capacity 1352K, committed 1408K, reserved 1048576K
Event: 69.098 GC heap after
Heap after GC invocations=1 (full 0):
 PSYoungGen      total 18944K, used 2542K [0x00000000eab80000, 0x00000000ec080000, 0x0000000100000000)
  eden space 16384K, 0% used [0x00000000eab80000,0x00000000eab80000,0x00000000ebb80000)
  from space 2560K, 99% used [0x00000000ebb80000,0x00000000ebdfb988,0x00000000ebe00000)
  to   space 2560K, 0% used [0x00000000ebe00000,0x00000000ebe00000,0x00000000ec080000)
 ParOldGen       total 44032K, used 391K [0x00000000c0200000, 0x00000000c2d00000, 0x00000000eab80000)
  object space 44032K, 0% used [0x00000000c0200000,0x00000000c0261ce8,0x00000000c2d00000)
 Metaspace       used 10867K, capacity 11084K, committed 11392K, reserved 1058816K
  class space    used 1270K, capacity 1352K, committed 1408K, reserved 1048576K
}

Deoptimization events (1 events):
Event: 68.479 Thread 0x0000000016ed1000 Uncommon trap: reason=unstable_if action=reinterpret pc=0x0000000002a48bbc method=java.lang.String.indexOf([CII[CIII)I @ 3

Internal exceptions (10 events):
Event: 68.536 Thread 0x0000000016ed1000 Exception <a 'java/lang/ArrayIndexOutOfBoundsException': 18> (0x00000000eb6d0910) thrown at [C:\re\workspace\8-2-build-windows-amd64-cygwin\jdk8u51\3951\hotspot\src\share\vm\interpreter\interpreterRuntime.cpp, line 366]
Event: 68.538 Thread 0x0000000016ed1000 Exception <a 'java/lang/ArrayIndexOutOfBoundsException': 22> (0x00000000eb6d3c28) thrown at [C:\re\workspace\8-2-build-windows-amd64-cygwin\jdk8u51\3951\hotspot\src\share\vm\interpreter\interpreterRuntime.cpp, line 366]
Event: 68.541 Thread 0x0000000016ed1000 Exception <a 'java/lang/ArrayIndexOutOfBoundsException': 160> (0x00000000eb6d5f50) thrown at [C:\re\workspace\8-2-build-windows-amd64-cygwin\jdk8u51\3951\hotspot\src\share\vm\interpreter\interpreterRuntime.cpp, line 366]
Event: 68.549 Thread 0x0000000016ed1000 Exception <a 'java/lang/ClassNotFoundException': org/apache/log4j/AppenderSkeletonCustomizer> (0x00000000eb6e5bc0) thrown at [C:\re\workspace\8-2-build-windows-amd64-cygwin\jdk8u51\3951\hotspot\src\share\vm\classfile\systemDictionary.cpp, line 210]
Event: 68.555 Thread 0x0000000016ed1000 Exception <a 'java/lang/ClassNotFoundException': org/apache/log4j/WriterAppenderCustomizer> (0x00000000eb712bf8) thrown at [C:\re\workspace\8-2-build-windows-amd64-cygwin\jdk8u51\3951\hotspot\src\share\vm\classfile\systemDictionary.cpp, line 210]
Event: 68.560 Thread 0x0000000016ed1000 Exception <a 'java/lang/ClassNotFoundException': org/apache/log4j/FileAppenderCustomizer> (0x00000000eb72c5a0) thrown at [C:\re\workspace\8-2-build-windows-amd64-cygwin\jdk8u51\3951\hotspot\src\share\vm\classfile\systemDictionary.cpp, line 210]
Event: 68.605 Thread 0x0000000016ed1000 Exception <a 'java/lang/ClassNotFoundException': org/apache/log4j/PatternLayoutBeanInfo> (0x00000000eb79c8d0) thrown at [C:\re\workspace\8-2-build-windows-amd64-cygwin\jdk8u51\3951\hotspot\src\share\vm\classfile\systemDictionary.cpp, line 210]
Event: 68.606 Thread 0x0000000016ed1000 Exception <a 'java/lang/ClassNotFoundException': org/apache/log4j/LayoutBeanInfo> (0x00000000eb7a7e58) thrown at [C:\re\workspace\8-2-build-windows-amd64-cygwin\jdk8u51\3951\hotspot\src\share\vm\classfile\systemDictionary.cpp, line 210]
Event: 68.609 Thread 0x0000000016ed1000 Exception <a 'java/lang/ClassNotFoundException': org/apache/log4j/LayoutCustomizer> (0x00000000eb7b4fc8) thrown at [C:\re\workspace\8-2-build-windows-amd64-cygwin\jdk8u51\3951\hotspot\src\share\vm\classfile\systemDictionary.cpp, line 210]
Event: 68.613 Thread 0x0000000016ed1000 Exception <a 'java/lang/ClassNotFoundException': org/apache/log4j/PatternLayoutCustomizer> (0x00000000eb7c6798) thrown at [C:\re\workspace\8-2-build-windows-amd64-cygwin\jdk8u51\3951\hotspot\src\share\vm\classfile\systemDictionary.cpp, line 210]

Events (10 events):
Event: 102.955 Thread 0x00000000174b9800 Thread added: 0x00000000174b9800
Event: 102.956 Thread 0x00000000174ba800 Thread added: 0x00000000174ba800
Event: 102.956 Thread 0x00000000174bb000 Thread added: 0x00000000174bb000
Event: 102.956 Thread 0x00000000174bb000 Thread exited: 0x00000000174bb000
Event: 102.962 loading class java/util/Vector$Itr
Event: 102.962 loading class java/util/Vector$Itr done
Event: 102.974 Thread 0x0000000016ec2000 Thread exited: 0x0000000016ec2000
Event: 102.976 Thread 0x00000000174ba800 Thread exited: 0x00000000174ba800
Event: 103.057 Thread 0x00000000174b9800 Thread exited: 0x00000000174b9800
Event: 103.260 Executing VM operation: Exit


Dynamic libraries:
0x000000013fcf0000 - 0x000000013fd27000 	C:\PROGRA~1\Java\JDK18~1.0_5\jre\bin\java.exe
0x00000000773e0000 - 0x0000000077588000 	C:\Windows\SYSTEM32\ntdll.dll
0x00000000771c0000 - 0x00000000772df000 	C:\Windows\system32\kernel32.dll
0x000007fefd410000 - 0x000007fefd47c000 	C:\Windows\system32\KERNELBASE.dll
0x000007feff3e0000 - 0x000007feff4bb000 	C:\Windows\system32\ADVAPI32.dll
0x000007fefe3d0000 - 0x000007fefe46f000 	C:\Windows\system32\msvcrt.dll
0x000007fefea80000 - 0x000007fefea9f000 	C:\Windows\SYSTEM32\sechost.dll
0x000007fefeaa0000 - 0x000007fefebcd000 	C:\Windows\system32\RPCRT4.dll
0x00000000772e0000 - 0x00000000773da000 	C:\Windows\system32\USER32.dll
0x000007fefe9e0000 - 0x000007fefea47000 	C:\Windows\system32\GDI32.dll
0x000007feff100000 - 0x000007feff10e000 	C:\Windows\system32\LPK.dll
0x000007fefebd0000 - 0x000007fefec99000 	C:\Windows\system32\USP10.dll
0x000007fefbac0000 - 0x000007fefbcb4000 	C:\Windows\WinSxS\amd64_microsoft.windows.common-controls_6595b64144ccf1df_6.0.7601.17514_none_fa396087175ac9ac\COMCTL32.dll
0x000007fefee30000 - 0x000007fefeea1000 	C:\Windows\system32\SHLWAPI.dll
0x000007fefea50000 - 0x000007fefea7e000 	C:\Windows\system32\IMM32.DLL
0x000007feff510000 - 0x000007feff619000 	C:\Windows\system32\MSCTF.dll
0x000000005f2d0000 - 0x000000005f3a2000 	C:\PROGRA~1\Java\JDK18~1.0_5\jre\bin\msvcr100.dll
0x000000005aa50000 - 0x000000005b2d3000 	C:\PROGRA~1\Java\JDK18~1.0_5\jre\bin\server\jvm.dll
0x000007fef8210000 - 0x000007fef8219000 	C:\Windows\system32\WSOCK32.dll
0x000007feff4c0000 - 0x000007feff50d000 	C:\Windows\system32\WS2_32.dll
0x000007feff6e0000 - 0x000007feff6e8000 	C:\Windows\system32\NSI.dll
0x000007fef9e50000 - 0x000007fef9e8b000 	C:\Windows\system32\WINMM.dll
0x000007fefc280000 - 0x000007fefc28c000 	C:\Windows\system32\VERSION.dll
0x00000000775b0000 - 0x00000000775b7000 	C:\Windows\system32\PSAPI.DLL
0x0000000067720000 - 0x000000006772f000 	C:\PROGRA~1\Java\JDK18~1.0_5\jre\bin\verify.dll
0x0000000063670000 - 0x0000000063699000 	C:\PROGRA~1\Java\JDK18~1.0_5\jre\bin\java.dll
0x0000000050000000 - 0x0000000050035000 	C:\PROGRA~1\Java\JDK18~1.0_5\jre\bin\jdwp.dll
0x0000000057dc0000 - 0x0000000057dc8000 	C:\PROGRA~1\Java\JDK18~1.0_5\jre\bin\npt.dll
0x000000005aa30000 - 0x000000005aa46000 	C:\PROGRA~1\Java\JDK18~1.0_5\jre\bin\zip.dll
0x000007fefd560000 - 0x000007fefe2e9000 	C:\Windows\system32\SHELL32.dll
0x000007fefe570000 - 0x000007fefe773000 	C:\Windows\system32\ole32.dll
0x000007fefd1b0000 - 0x000007fefd1bf000 	C:\Windows\system32\profapi.dll
0x00000000595a0000 - 0x00000000595ab000 	C:\PROGRA~1\Java\JDK18~1.0_5\jre\bin\dt_shmem.dll
0x0000000059650000 - 0x00000000597e8000 	C:\Program Files\Java\jdk1.8.0_51\jre\bin\awt.dll
0x000007fefe2f0000 - 0x000007fefe3c7000 	C:\Windows\system32\OLEAUT32.dll
0x000007fefba60000 - 0x000007fefbab6000 	C:\Windows\system32\uxtheme.dll
0x000007fef2070000 - 0x000007fef20ef000 	C:\Program Files\Common Files\microsoft shared\ink\tiptsf.dll
0x000007fefb500000 - 0x000007fefb518000 	C:\Windows\system32\dwmapi.dll
0x000007fefd040000 - 0x000007fefd04f000 	C:\Windows\system32\CRYPTBASE.dll
0x000007fefc9a0000 - 0x000007fefc9b8000 	C:\Windows\system32\CRYPTSP.dll
0x000007fefc6a0000 - 0x000007fefc6e7000 	C:\Windows\system32\rsaenh.dll
0x000007fefd1c0000 - 0x000007fefd1de000 	C:\Windows\system32\USERENV.dll
0x000000005a9f0000 - 0x000000005aa0a000 	C:\Program Files\Java\jdk1.8.0_51\jre\bin\net.dll
0x000007fefc940000 - 0x000007fefc995000 	C:\Windows\system32\mswsock.dll
0x000007fefc930000 - 0x000007fefc937000 	C:\Windows\System32\wship6.dll
0x000007fef99e0000 - 0x000007fef9a07000 	C:\Windows\system32\IPHLPAPI.DLL
0x000007fef99d0000 - 0x000007fef99db000 	C:\Windows\system32\WINNSI.DLL
0x000007fef95e0000 - 0x000007fef95f1000 	C:\Windows\system32\dhcpcsvc6.DLL
0x000007fef95c0000 - 0x000007fef95d8000 	C:\Windows\system32\dhcpcsvc.DLL
0x00000000595b0000 - 0x00000000595c1000 	C:\Program Files\Java\jdk1.8.0_51\jre\bin\nio.dll
0x0000000180000000 - 0x0000000180037000 	C:\Users\danielappel\AppData\Local\Temp\jna5604651787564905997.dll
0x000007fefb6a0000 - 0x000007fefb6ab000 	C:\Windows\system32\hid.dll
0x000007fefe800000 - 0x000007fefe9d7000 	C:\Windows\system32\setupapi.dll
0x000007fefd480000 - 0x000007fefd4b6000 	C:\Windows\system32\CFGMGR32.dll
0x000007fefd540000 - 0x000007fefd55a000 	C:\Windows\system32\DEVOBJ.dll
0x000007fefd4f0000 - 0x000007fefd52b000 	C:\Windows\system32\WINTRUST.dll
0x000007fefd1e0000 - 0x000007fefd34d000 	C:\Windows\system32\CRYPT32.dll
0x000007fefd1a0000 - 0x000007fefd1af000 	C:\Windows\system32\MSASN1.dll
0x0000000052aa0000 - 0x0000000052ae7000 	C:\Program Files\Java\jdk1.8.0_51\jre\bin\fontmanager.dll
0x0000000052930000 - 0x0000000052972000 	C:\Program Files\Java\jdk1.8.0_51\jre\bin\t2k.dll
0x000007fef2ee0000 - 0x000007fef2ef2000 	C:\Windows\SysWOW64\LskHook64.dll
0x0000000077fb0000 - 0x0000000077fbd000 	C:\Program Files\Java\jdk1.8.0_51\jre\bin\management.dll
0x000007fef9c90000 - 0x000007fef9ca5000 	C:\Windows\system32\NLAapi.dll
0x000007fef7ad0000 - 0x000007fef7ae5000 	C:\Windows\system32\napinsp.dll
0x000007fef7af0000 - 0x000007fef7b09000 	C:\Windows\system32\pnrpnsp.dll
0x000007fefc7c0000 - 0x000007fefc81b000 	C:\Windows\system32\DNSAPI.dll
0x000007fef7ab0000 - 0x000007fef7abb000 	C:\Windows\System32\winrnr.dll
0x0000000070740000 - 0x0000000070766000 	C:\Program Files\Bonjour\mdnsNSP.dll
0x000007fef7aa0000 - 0x000007fef7ab0000 	C:\Windows\system32\wshbth.dll
0x000007fefc350000 - 0x000007fefc357000 	C:\Windows\System32\wshtcpip.dll
0x000007fef7ac0000 - 0x000007fef7ac8000 	C:\Windows\system32\rasadhlp.dll
0x000007fef9670000 - 0x000007fef96c3000 	C:\Windows\System32\fwpuclnt.dll
0x000007fefcfe0000 - 0x000007fefd037000 	C:\Windows\system32\apphelp.dll
0x000007fefe470000 - 0x000007fefe509000 	C:\Windows\system32\CLBCatQ.DLL
0x000007feeb6e0000 - 0x000007feeb805000 	C:\Windows\system32\dbghelp.dll

VM Arguments:
jvm_args: -ea -Djavafx.macosx.embedded=true -agentlib:jdwp=transport=dt_shmem,address=javadebug -Dfile.encoding=UTF-8 
java_command: bluej.runtime.ExecServer UTF-8
java_class_path (initial): C:\Program Files (x86)\BlueJ\lib\bluejcore.jar;C:\Program Files (x86)\BlueJ\lib\junit-4.8.2.jar;C:\Program Files (x86)\BlueJ\lib\userlib\pi4j-core.jar;C:\Program Files (x86)\BlueJ\lib\userlib\pi4j-device.jar;C:\Program Files (x86)\BlueJ\lib\userlib\pi4j-gpio-extension.jar;C:\Program Files (x86)\BlueJ\lib\userlib\pi4j-service.jar;C:\Users\danielappel\Dropbox\Acalanes Union\AP Computer Science\Robotics\APCSRobotsBlueJ\+libs\cmulex.jar;C:\Users\danielappel\Dropbox\Acalanes Union\AP Computer Science\Robotics\APCSRobotsBlueJ\+libs\cmu_us_kal.jar;C:\Users\danielappel\Dropbox\Acalanes Union\AP Computer Science\Robotics\APCSRobotsBlueJ\+libs\commons-lang-2.5.jar;C:\Users\danielappel\Dropbox\Acalanes Union\AP Computer Science\Robotics\APCSRobotsBlueJ\+libs\create-lab-commons-audio.jar;C:\Users\danielappel\Dropbox\Acalanes Union\AP Computer Science\Robotics\APCSRobotsBlueJ\+libs\create-lab-commons-device.jar;C:\Users\danielappel\Dropbox\Acalanes Union\AP Computer Science\Robotics\APCSRobotsBlueJ\+libs\create-lab-commons-serial.jar;C:\Users\danielappel\Dropbox\Acalanes Union\AP Computer Science\Robotics\APCSRobotsBlueJ\+libs\create-lab-commons-speech.jar;C:\Users\danielappel\Dropbox\Acalanes Union\AP Computer Science\Robotics\APCSRobotsBlueJ\+libs\create-lab-commons-usb-hid.jar;C:\Users\danielappel\Dropbox\Acalanes Union\AP Computer Science\Robotics\APCSRobotsBlueJ\+libs\create-lab-commons-util.jar;C:\Users\danielappel\Dropbox\Acalanes Union\AP Computer Science\Robotics\APCSRobotsBlueJ\+libs\create-lab-commons-xml.jar;C:\Users\danielappel\Dropbox\Acalanes Union\AP Computer Science\Robotics\APCSRobotsBlueJ\+libs\en_us.jar;C:\Users\danielappel\Dropbox\Acalanes Union\AP Computer Science\Robotics\APCSRobotsBlueJ\+libs\finch.jar;C:\Users\danielappel\Dropbox\Acalanes Union\AP Computer Science\Robotics\APCSRobotsBlueJ\+libs\freetts.jar;C:\Users\danielappel\Dropbox\Acalanes Union\AP Computer Science\Robotics\APCSRobotsBlueJ\+libs\hummingbird-applications-r
Launcher Type: SUN_STANDARD

Environment Variables:
PATH=C:\ProgramData\Oracle\Java\javapath;C:\Windows\system32;C:\Windows;C:\Windows\System32\Wbem;C:\Windows\System32\WindowsPowerShell\v1.0\;C:\Program Files (x86)\Common Files\Roxio Shared\DLLShared\;C:\Program Files (x86)\QuickTime\QTSystem\;C:\Program Files (x86)\Brackets\command
USERNAME=danielappel
OS=Windows_NT
PROCESSOR_IDENTIFIER=Intel64 Family 6 Model 15 Stepping 13, GenuineIntel



---------------  S Y S T E M  ---------------

OS: Windows 7 , 64 bit Build 7601 (6.1.7601.18798)

CPU:total 2 (2 cores per cpu, 1 threads per core) family 6 model 15 stepping 13, cmov, cx8, fxsr, mmx, sse, sse2, sse3, ssse3, tsc

Memory: 4k page, physical 4185316k(1567824k free), swap 8368780k(5366816k free)

vm_info: Java HotSpot(TM) 64-Bit Server VM (25.51-b03) for windows-amd64 JRE (1.8.0_51-b16), built on Jun  8 2015 18:03:07 by "java_re" with MS VC++ 10.0 (VS2010)

time: Fri Jan 15 07:54:10 2016
elapsed time: 103 seconds (0d 0h 1m 43s)

