#
# A fatal error has been detected by the Java Runtime Environment:
#
#  EXCEPTION_ACCESS_VIOLATION (0xc0000005) at pc=0x17a9cb77, pid=7256, tid=5984
#
# JRE version: Java(TM) SE Runtime Environment (8.0_60-b27) (build 1.8.0_60-b27)
# Java VM: Java HotSpot(TM) Client VM (25.60-b23 mixed mode windows-x86 )
# Problematic frame:
# C  0x17a9cb77
#
# Failed to write core dump. Minidumps are not enabled by default on client versions of Windows
#
# If you would like to submit a bug report, please visit:
#   http://bugreport.java.com/bugreport/crash.jsp
# The crash happened outside the Java Virtual Machine in native code.
# See problematic frame for where to report the bug.
#

---------------  T H R E A D  ---------------

Current thread (0x1965a400):  JavaThread "HIDCommandExecutionQueue.executor pool-5-thread-1" daemon [_thread_in_native, id=5984, stack(0x19540000,0x19590000)]

siginfo: ExceptionCode=0xc0000005, ExceptionInformation=0x00000008 0x17a9cb77

Registers:
EAX=0x00000001, EBX=0x00000000, ECX=0x75f3e028, EDX=0x1958ed20
ESP=0x1958ed78, EBP=0x1958ed78, ESI=0x00000000, EDI=0x1958ee90
EIP=0x17a9cb77, EFLAGS=0x00010202

Top of Stack: (sp=0x1958ed78)
0x1958ed78:   1958edb8 17a9c7c2 17a9c5a0 1958eda0
0x1958ed88:   00000014 00000001 1958f0b4 75031282
0x1958ed98:   00000000 17a9134b 1958f050 1958f0b4
0x1958eda8:   1958ede0 1958ee10 1958ee10 00000005
0x1958edb8:   1958f098 17a94561 1958f050 75031282
0x1958edc8:   1958f0b4 1958ede0 1958ee10 14620eaf
0x1958edd8:   1958ee00 14681a98 1958ee90 1958ee98
0x1958ede8:   1958eea0 1958eea8 1958eeb0 02524434 

Instructions: (pc=0x17a9cb77)
0x17a9cb57:   
[error occurred during error reporting (printing registers, top of stack, instructions near pc), id 0xc0000005]

Register to memory mapping:

EAX=0x00000001 is an unknown value
EBX=0x00000000 is an unknown value
ECX=0x75f3e028 is an unknown value
EDX=0x1958ed20 is pointing into the stack for thread: 0x1965a400
ESP=0x1958ed78 is pointing into the stack for thread: 0x1965a400
EBP=0x1958ed78 is pointing into the stack for thread: 0x1965a400
ESI=0x00000000 is an unknown value
EDI=0x1958ee90 is pointing into the stack for thread: 0x1965a400


Stack: [0x19540000,0x19590000],  sp=0x1958ed78,  free space=315k
Native frames: (J=compiled Java code, j=interpreted, Vv=VM code, C=native code)
C  0x17a9cb77
C  0x17a9c7c2
C  0x17a94561
C  0x17a94d2e
j  com.sun.jna.Function.invokeInt(I[Ljava/lang/Object;)I+0
j  com.sun.jna.Function.invoke([Ljava/lang/Object;Ljava/lang/Class;Z)Ljava/lang/Object;+92
j  com.sun.jna.Function.invoke(Ljava/lang/Class;[Ljava/lang/Object;Ljava/util/Map;)Ljava/lang/Object;+214
j  com.sun.jna.Library$Handler.invoke(Ljava/lang/Object;Ljava/lang/reflect/Method;[Ljava/lang/Object;)Ljava/lang/Object;+341
j  com.sun.proxy.$Proxy2.WriteFile(Lcom/sun/jna/ptr/PointerByReference;[BILcom/sun/jna/ptr/IntByReference;Lcom/sun/jna/ptr/IntByReference;)Z+37
j  edu.cmu.ri.createlab.usb.hid.windows.WindowsHIDDevice.write([B)Ledu/cmu/ri/createlab/usb/hid/HIDWriteStatus;+207
j  edu.cmu.ri.createlab.usb.hid.CreateLabHIDCommandStrategy.execute(Ledu/cmu/ri/createlab/usb/hid/HIDDevice;)Ledu/cmu/ri/createlab/usb/hid/HIDCommandResponse;+15
j  edu.cmu.ri.createlab.usb.hid.CreateLabHIDCommandStrategy.execute(Ljava/lang/Object;)Ledu/cmu/ri/createlab/util/commandexecution/CommandResponse;+5
j  edu.cmu.ri.createlab.usb.hid.HIDCommand.call()Ledu/cmu/ri/createlab/usb/hid/HIDCommandResponse;+8
j  edu.cmu.ri.createlab.usb.hid.HIDCommand.call()Ljava/lang/Object;+1
j  java.util.concurrent.FutureTask.run()V+42
j  java.util.concurrent.ThreadPoolExecutor.runWorker(Ljava/util/concurrent/ThreadPoolExecutor$Worker;)V+95
j  java.util.concurrent.ThreadPoolExecutor$Worker.run()V+5
j  java.lang.Thread.run()V+11
v  ~StubRoutines::call_stub
V  [jvm.dll+0x158985]
V  [jvm.dll+0x21df3e]
V  [jvm.dll+0x158a1e]
V  [jvm.dll+0x158ba6]
V  [jvm.dll+0x158c17]
V  [jvm.dll+0xfd45f]
V  [jvm.dll+0x17bddc]
V  [jvm.dll+0x17beca]
V  [jvm.dll+0x1c0466]
C  [msvcr100.dll+0x5c556]
C  [msvcr100.dll+0x5c600]
C  [kernel32.dll+0x1338a]
C  [ntdll.dll+0x39a02]
C  [ntdll.dll+0x399d5]
C  0x00000000

Java frames: (J=compiled Java code, j=interpreted, Vv=VM code)
j  com.sun.jna.Function.invokeInt(I[Ljava/lang/Object;)I+0
j  com.sun.jna.Function.invoke([Ljava/lang/Object;Ljava/lang/Class;Z)Ljava/lang/Object;+92
j  com.sun.jna.Function.invoke(Ljava/lang/Class;[Ljava/lang/Object;Ljava/util/Map;)Ljava/lang/Object;+214
j  com.sun.jna.Library$Handler.invoke(Ljava/lang/Object;Ljava/lang/reflect/Method;[Ljava/lang/Object;)Ljava/lang/Object;+341
j  com.sun.proxy.$Proxy2.WriteFile(Lcom/sun/jna/ptr/PointerByReference;[BILcom/sun/jna/ptr/IntByReference;Lcom/sun/jna/ptr/IntByReference;)Z+37
j  edu.cmu.ri.createlab.usb.hid.windows.WindowsHIDDevice.write([B)Ledu/cmu/ri/createlab/usb/hid/HIDWriteStatus;+207
j  edu.cmu.ri.createlab.usb.hid.CreateLabHIDCommandStrategy.execute(Ledu/cmu/ri/createlab/usb/hid/HIDDevice;)Ledu/cmu/ri/createlab/usb/hid/HIDCommandResponse;+15
j  edu.cmu.ri.createlab.usb.hid.CreateLabHIDCommandStrategy.execute(Ljava/lang/Object;)Ledu/cmu/ri/createlab/util/commandexecution/CommandResponse;+5
j  edu.cmu.ri.createlab.usb.hid.HIDCommand.call()Ledu/cmu/ri/createlab/usb/hid/HIDCommandResponse;+8
j  edu.cmu.ri.createlab.usb.hid.HIDCommand.call()Ljava/lang/Object;+1
j  java.util.concurrent.FutureTask.run()V+42
j  java.util.concurrent.ThreadPoolExecutor.runWorker(Ljava/util/concurrent/ThreadPoolExecutor$Worker;)V+95
j  java.util.concurrent.ThreadPoolExecutor$Worker.run()V+5
j  java.lang.Thread.run()V+11
v  ~StubRoutines::call_stub

---------------  P R O C E S S  ---------------

Java Threads: ( => current thread )
  0x1965bc00 JavaThread "Thread-0" daemon [_thread_in_native, id=5024, stack(0x1a600000,0x1a650000)]
  0x1965b000 JavaThread "main" [_thread_blocked, id=8128, stack(0x15b00000,0x15b50000)]
  0x1965a800 JavaThread "AWT-EventQueue-0" [_thread_blocked, id=6184, stack(0x1a650000,0x1a6a0000)]
=>0x1965a400 JavaThread "HIDCommandExecutionQueue.executor pool-5-thread-1" daemon [_thread_in_native, id=5984, stack(0x19540000,0x19590000)]
  0x1964d400 JavaThread "BaseFinchController.pingExecutorService pool-6-thread-1" daemon [_thread_blocked, id=7392, stack(0x1a0b0000,0x1a100000)]
  0x16133400 JavaThread "BaseCreateLabDeviceConnectivityManager.executorService pool-1-thread-1" daemon [_thread_blocked, id=1244, stack(0x19490000,0x194e0000)]
  0x1612e400 JavaThread "DatasetPlotter.executorService pool-4-thread-1" daemon [_thread_blocked, id=5516, stack(0x195e0000,0x19630000)]
  0x1612dc00 JavaThread "DatasetPlotter.executorService pool-3-thread-1" daemon [_thread_blocked, id=7480, stack(0x193d0000,0x19420000)]
  0x1612d400 JavaThread "DatasetPlotter.executorService pool-2-thread-1" daemon [_thread_blocked, id=6644, stack(0x194e0000,0x19530000)]
  0x16023c00 JavaThread "AWT-Shutdown" [_thread_blocked, id=6620, stack(0x161b0000,0x16200000)]
  0x0044e400 JavaThread "DestroyJavaVM" [_thread_blocked, id=6312, stack(0x02200000,0x02250000)]
  0x14e25800 JavaThread "BlueJ worker thread" [_thread_blocked, id=6660, stack(0x15c10000,0x15c60000)]
  0x14e0b800 JavaThread "Java2D Disposer" daemon [_thread_blocked, id=6688, stack(0x157a0000,0x157f0000)]
  0x14cc9c00 JavaThread "Service Thread" daemon [_thread_blocked, id=4480, stack(0x151b0000,0x15200000)]
  0x14cab400 JavaThread "C1 CompilerThread0" daemon [_thread_blocked, id=5344, stack(0x15560000,0x155b0000)]
  0x14ca0c00 JavaThread "JDWP Command Reader" daemon [_thread_in_native, id=3656, stack(0x15140000,0x15190000)]
  0x14ca0000 JavaThread "JDWP Event Helper Thread" daemon [_thread_blocked, id=6768, stack(0x15320000,0x15370000)]
  0x14c9e000 JavaThread "JDWP Transport Listener: dt_shmem" daemon [_thread_blocked, id=7712, stack(0x14fc0000,0x15010000)]
  0x14c8e800 JavaThread "Attach Listener" daemon [_thread_blocked, id=6804, stack(0x15210000,0x15260000)]
  0x14c5a800 JavaThread "Signal Dispatcher" daemon [_thread_blocked, id=6392, stack(0x150f0000,0x15140000)]
  0x14c57800 JavaThread "Finalizer" daemon [_thread_blocked, id=6908, stack(0x14e40000,0x14e90000)]
  0x14c51400 JavaThread "Reference Handler" daemon [_thread_blocked, id=7600, stack(0x14b40000,0x14b90000)]

Other Threads:
  0x0060f400 VMThread [stack: 0x14ea0000,0x14ef0000] [id=8164]
  0x14cd6400 WatcherThread [stack: 0x14be0000,0x14c30000] [id=1320]

VM state:not at safepoint (normal execution)

VM Mutex/Monitor currently owned by a thread: None

Heap:
 def new generation   total 4928K, used 4905K [0x04600000, 0x04b50000, 0x09b50000)
  eden space 4416K,  99% used [0x04600000, 0x04a4a6e8, 0x04a50000)
  from space 512K, 100% used [0x04ad0000, 0x04b50000, 0x04b50000)
  to   space 512K,   0% used [0x04a50000, 0x04a50000, 0x04ad0000)
 tenured generation   total 10944K, used 2099K [0x09b50000, 0x0a600000, 0x14600000)
   the space 10944K,  19% used [0x09b50000, 0x09d5ce00, 0x09d5ce00, 0x0a600000)
 Metaspace       used 8413K, capacity 8592K, committed 8704K, reserved 9600K

Card table byte_map: [0x04520000,0x045b0000] byte_map_base: 0x044fd000

Polling page: 0x00190000

CodeCache: size=32768Kb used=1200Kb max_used=1200Kb free=31567Kb
 bounds [0x02520000, 0x02650000, 0x04520000]
 total_blobs=602 nmethods=376 adapters=165
 compilation: enabled

Compilation events (10 events):
Event: 61.445 Thread 0x14cab400  378             java.util.WeakHashMap::getTable (9 bytes)
Event: 61.446 Thread 0x14cab400 nmethod 378 0x0264abc8 code [0x0264acc0, 0x0264ad5c]
Event: 61.446 Thread 0x14cab400  379   !         java.util.WeakHashMap::expungeStaleEntries (139 bytes)
Event: 61.446 Thread 0x14cab400 nmethod 379 0x0264adc8 code [0x0264af10, 0x0264b48c]
Event: 61.485 Thread 0x14cab400  380             java.util.WeakHashMap::maskNull (12 bytes)
Event: 61.486 Thread 0x14cab400 nmethod 380 0x0264ba08 code [0x0264bb00, 0x0264bb80]
Event: 61.486 Thread 0x14cab400  381             java.util.WeakHashMap::hash (28 bytes)
Event: 61.486 Thread 0x14cab400 nmethod 381 0x0264bbc8 code [0x0264bcd0, 0x0264bd8c]
Event: 61.950 Thread 0x14cab400  382             java.security.AccessController::getContext (23 bytes)
Event: 61.950 Thread 0x14cab400 nmethod 382 0x0264c088 code [0x0264c1a0, 0x0264c2a8]

GC Heap History (6 events):
Event: 53.368 GC heap before
{Heap before GC invocations=0 (full 0):
 def new generation   total 4928K, used 4416K [0x04600000, 0x04b50000, 0x09b50000)
  eden space 4416K, 100% used [0x04600000, 0x04a50000, 0x04a50000)
  from space 512K,   0% used [0x04a50000, 0x04a50000, 0x04ad0000)
  to   space 512K,   0% used [0x04ad0000, 0x04ad0000, 0x04b50000)
 tenured generation   total 10944K, used 0K [0x09b50000, 0x0a600000, 0x14600000)
   the space 10944K,   0% used [0x09b50000, 0x09b50000, 0x09b50200, 0x0a600000)
 Metaspace       used 3321K, capacity 3471K, committed 3520K, reserved 4480K
Event: 53.370 GC heap after
Heap after GC invocations=1 (full 0):
 def new generation   total 4928K, used 512K [0x04600000, 0x04b50000, 0x09b50000)
  eden space 4416K,   0% used [0x04600000, 0x04600000, 0x04a50000)
  from space 512K, 100% used [0x04ad0000, 0x04b50000, 0x04b50000)
  to   space 512K,   0% used [0x04a50000, 0x04a50000, 0x04ad0000)
 tenured generation   total 10944K, used 336K [0x09b50000, 0x0a600000, 0x14600000)
   the space 10944K,   3% used [0x09b50000, 0x09ba4298, 0x09ba4400, 0x0a600000)
 Metaspace       used 3321K, capacity 3471K, committed 3520K, reserved 4480K
}
Event: 53.674 GC heap before
{Heap before GC invocations=1 (full 0):
 def new generation   total 4928K, used 4928K [0x04600000, 0x04b50000, 0x09b50000)
  eden space 4416K, 100% used [0x04600000, 0x04a50000, 0x04a50000)
  from space 512K, 100% used [0x04ad0000, 0x04b50000, 0x04b50000)
  to   space 512K,   0% used [0x04a50000, 0x04a50000, 0x04ad0000)
 tenured generation   total 10944K, used 336K [0x09b50000, 0x0a600000, 0x14600000)
   the space 10944K,   3% used [0x09b50000, 0x09ba4298, 0x09ba4400, 0x0a600000)
 Metaspace       used 5743K, capacity 5929K, committed 6016K, reserved 6528K
Event: 53.678 GC heap after
Heap after GC invocations=2 (full 0):
 def new generation   total 4928K, used 512K [0x04600000, 0x04b50000, 0x09b50000)
  eden space 4416K,   0% used [0x04600000, 0x04600000, 0x04a50000)
  from space 512K, 100% used [0x04a50000, 0x04ad0000, 0x04ad0000)
  to   space 512K,   0% used [0x04ad0000, 0x04ad0000, 0x04b50000)
 tenured generation   total 10944K, used 1361K [0x09b50000, 0x0a600000, 0x14600000)
   the space 10944K,  12% used [0x09b50000, 0x09ca4710, 0x09ca4800, 0x0a600000)
 Metaspace       used 5743K, capacity 5929K, committed 6016K, reserved 6528K
}
Event: 53.906 GC heap before
{Heap before GC invocations=2 (full 0):
 def new generation   total 4928K, used 4928K [0x04600000, 0x04b50000, 0x09b50000)
  eden space 4416K, 100% used [0x04600000, 0x04a50000, 0x04a50000)
  from space 512K, 100% used [0x04a50000, 0x04ad0000, 0x04ad0000)
  to   space 512K,   0% used [0x04ad0000, 0x04ad0000, 0x04b50000)
 tenured generation   total 10944K, used 1361K [0x09b50000, 0x0a600000, 0x14600000)
   the space 10944K,  12% used [0x09b50000, 0x09ca4710, 0x09ca4800, 0x0a600000)
 Metaspace       used 6799K, capacity 7017K, committed 7040K, reserved 7552K
Event: 53.909 GC heap after
Heap after GC invocations=3 (full 0):
 def new generation   total 4928K, used 512K [0x04600000, 0x04b50000, 0x09b50000)
  eden space 4416K,   0% used [0x04600000, 0x04600000, 0x04a50000)
  from space 512K, 100% used [0x04ad0000, 0x04b50000, 0x04b50000)
  to   space 512K,   0% used [0x04a50000, 0x04a50000, 0x04ad0000)
 tenured generation   total 10944K, used 2099K [0x09b50000, 0x0a600000, 0x14600000)
   the space 10944K,  19% used [0x09b50000, 0x09d5ce00, 0x09d5ce00, 0x0a600000)
 Metaspace       used 6799K, capacity 7017K, committed 7040K, reserved 7552K
}

Deoptimization events (0 events):
No events

Internal exceptions (10 events):
Event: 53.673 Thread 0x14e0c400 Exception <a 'java/lang/ClassNotFoundException': org/apache/log4j/AppenderSkeletonCustomizer> (0x04a45e48) thrown at [D:\re\puppet\workspace\8-2-build-windows-i586-cygwin\jdk8u60\4407\hotspot\src\share\vm\classfile\systemDictionary.cpp, line 210]
Event: 53.681 Thread 0x14e0c400 Exception <a 'java/lang/ClassNotFoundException': org/apache/log4j/WriterAppenderCustomizer> (0x046237d0) thrown at [D:\re\puppet\workspace\8-2-build-windows-i586-cygwin\jdk8u60\4407\hotspot\src\share\vm\classfile\systemDictionary.cpp, line 210]
Event: 53.683 Thread 0x14e0c400 Exception <a 'java/lang/ClassNotFoundException': org/apache/log4j/FileAppenderCustomizer> (0x0463c6d8) thrown at [D:\re\puppet\workspace\8-2-build-windows-i586-cygwin\jdk8u60\4407\hotspot\src\share\vm\classfile\systemDictionary.cpp, line 210]
Event: 53.690 Thread 0x14e0c400 Exception <a 'java/lang/ClassNotFoundException': org/apache/log4j/PatternLayoutBeanInfo> (0x046ade80) thrown at [D:\re\puppet\workspace\8-2-build-windows-i586-cygwin\jdk8u60\4407\hotspot\src\share\vm\classfile\systemDictionary.cpp, line 210]
Event: 53.691 Thread 0x14e0c400 Exception <a 'java/lang/ClassNotFoundException': org/apache/log4j/LayoutBeanInfo> (0x046b9c48) thrown at [D:\re\puppet\workspace\8-2-build-windows-i586-cygwin\jdk8u60\4407\hotspot\src\share\vm\classfile\systemDictionary.cpp, line 210]
Event: 53.691 Thread 0x14e0c400 Exception <a 'java/lang/ClassNotFoundException': org/apache/log4j/LayoutCustomizer> (0x046c6070) thrown at [D:\re\puppet\workspace\8-2-build-windows-i586-cygwin\jdk8u60\4407\hotspot\src\share\vm\classfile\systemDictionary.cpp, line 210]
Event: 53.692 Thread 0x14e0c400 Exception <a 'java/lang/ClassNotFoundException': org/apache/log4j/PatternLayoutCustomizer> (0x046d8d50) thrown at [D:\re\puppet\workspace\8-2-build-windows-i586-cygwin\jdk8u60\4407\hotspot\src\share\vm\classfile\systemDictionary.cpp, line 210]
Event: 56.840 Thread 0x1965a800 Exception <a 'java/lang/NullPointerException'> (0x049d74f8) thrown at [D:\re\puppet\workspace\8-2-build-windows-i586-cygwin\jdk8u60\4407\hotspot\src\share\vm\interpreter\linkResolver.cpp, line 1178]
Event: 56.840 Thread 0x1965a800 Exception <a 'java/lang/NullPointerException'> (0x049d74f8) thrown at [D:\re\puppet\workspace\8-2-build-windows-i586-cygwin\jdk8u60\4407\hotspot\src\share\vm\prims\jvm.cpp, line 1390]
Event: 56.840 Thread 0x1965a800 Exception <a 'java/lang/NullPointerException'> (0x049d74f8) thrown at [D:\re\puppet\workspace\8-2-build-windows-i586-cygwin\jdk8u60\4407\hotspot\src\share\vm\prims\jvm.cpp, line 1390]

Events (10 events):
Event: 61.950 Thread 0x1965c400 Thread added: 0x1965c400
Event: 61.950 Thread 0x1965c800 Thread added: 0x1965c800
Event: 61.950 Executing VM operation: RevokeBias
Event: 61.950 Executing VM operation: RevokeBias done
Event: 61.950 Thread 0x1965b400 Thread exited: 0x1965b400
Event: 61.950 Thread 0x1965c400 Thread exited: 0x1965c400
Event: 61.950 loading class sun/java2d/pipe/hw/AccelDeviceEventNotifier
Event: 61.951 loading class sun/java2d/pipe/hw/AccelDeviceEventNotifier done
Event: 61.951 loading class java/util/Vector$Itr
Event: 61.951 loading class java/util/Vector$Itr done


Dynamic libraries:
0x00320000 - 0x00353000 	C:\Program Files (x86)\BlueJ\jdk\jre\bin\java.exe
0x77550000 - 0x776d0000 	C:\Windows\SysWOW64\ntdll.dll
0x75020000 - 0x75130000 	C:\Windows\syswow64\kernel32.dll
0x75f30000 - 0x75f77000 	C:\Windows\syswow64\KERNELBASE.dll
0x760f0000 - 0x76191000 	C:\Windows\syswow64\ADVAPI32.dll
0x76fd0000 - 0x7707c000 	C:\Windows\syswow64\msvcrt.dll
0x760d0000 - 0x760e9000 	C:\Windows\SysWOW64\sechost.dll
0x76e90000 - 0x76f80000 	C:\Windows\syswow64\RPCRT4.dll
0x74ea0000 - 0x74f00000 	C:\Windows\syswow64\SspiCli.dll
0x74e90000 - 0x74e9c000 	C:\Windows\syswow64\CRYPTBASE.dll
0x76b50000 - 0x76c50000 	C:\Windows\syswow64\USER32.dll
0x74f90000 - 0x75020000 	C:\Windows\syswow64\GDI32.dll
0x75130000 - 0x7513a000 	C:\Windows\syswow64\LPK.dll
0x770b0000 - 0x7714d000 	C:\Windows\syswow64\USP10.dll
0x6f210000 - 0x6f3ae000 	C:\Windows\WinSxS\x86_microsoft.windows.common-controls_6595b64144ccf1df_6.0.7601.18837_none_41e855142bd5705d\COMCTL32.dll
0x76c60000 - 0x76cb7000 	C:\Windows\syswow64\SHLWAPI.dll
0x74f20000 - 0x74f80000 	C:\Windows\system32\IMM32.DLL
0x76840000 - 0x7690c000 	C:\Windows\syswow64\MSCTF.dll
0x56c70000 - 0x56d2f000 	C:\Program Files (x86)\BlueJ\jdk\jre\bin\msvcr100.dll
0x553c0000 - 0x55785000 	C:\Program Files (x86)\BlueJ\jdk\jre\bin\client\jvm.dll
0x70410000 - 0x70417000 	C:\Windows\system32\WSOCK32.dll
0x76650000 - 0x76685000 	C:\Windows\syswow64\WS2_32.dll
0x77520000 - 0x77526000 	C:\Windows\syswow64\NSI.dll
0x6fac0000 - 0x6faf2000 	C:\Windows\system32\WINMM.dll
0x72730000 - 0x72739000 	C:\Windows\system32\VERSION.dll
0x76e80000 - 0x76e85000 	C:\Windows\syswow64\PSAPI.DLL
0x73c50000 - 0x73c5c000 	C:\Program Files (x86)\BlueJ\jdk\jre\bin\verify.dll
0x56c40000 - 0x56c61000 	C:\Program Files (x86)\BlueJ\jdk\jre\bin\java.dll
0x56db0000 - 0x56dd9000 	C:\Program Files (x86)\BlueJ\jdk\jre\bin\jdwp.dll
0x5e800000 - 0x5e807000 	C:\Program Files (x86)\BlueJ\jdk\jre\bin\npt.dll
0x59a70000 - 0x59a83000 	C:\Program Files (x86)\BlueJ\jdk\jre\bin\zip.dll
0x752e0000 - 0x75f2b000 	C:\Windows\syswow64\SHELL32.dll
0x766e0000 - 0x7683c000 	C:\Windows\syswow64\ole32.dll
0x76930000 - 0x7693b000 	C:\Windows\syswow64\profapi.dll
0x5d7b0000 - 0x5d7b9000 	C:\Program Files (x86)\BlueJ\jdk\jre\bin\dt_shmem.dll
0x56af0000 - 0x56c35000 	C:\Program Files (x86)\BlueJ\jdk\jre\bin\awt.dll
0x75150000 - 0x751df000 	C:\Windows\syswow64\OLEAUT32.dll
0x6f070000 - 0x6f0f0000 	C:\Windows\system32\uxtheme.dll
0x6f460000 - 0x6f4b8000 	C:\Program Files (x86)\Common Files\microsoft shared\ink\tiptsf.dll
0x737e0000 - 0x737f3000 	C:\Windows\system32\dwmapi.dll
0x59ea0000 - 0x59eab000 	C:\Windows\system32\atiu9pag.dll
0x70bc0000 - 0x70bd7000 	C:\Windows\system32\CRYPTSP.dll
0x70650000 - 0x7068b000 	C:\Windows\system32\rsaenh.dll
0x766c0000 - 0x766d7000 	C:\Windows\syswow64\USERENV.dll
0x56ad0000 - 0x56ae5000 	C:\Program Files (x86)\BlueJ\jdk\jre\bin\net.dll
0x70570000 - 0x705ac000 	C:\Windows\system32\mswsock.dll
0x70420000 - 0x70426000 	C:\Windows\System32\wship6.dll
0x70490000 - 0x704ac000 	C:\Windows\system32\IPHLPAPI.DLL
0x70480000 - 0x70487000 	C:\Windows\system32\WINNSI.DLL
0x6f8e0000 - 0x6f8ed000 	C:\Windows\system32\dhcpcsvc6.DLL
0x6f8c0000 - 0x6f8d2000 	C:\Windows\system32\dhcpcsvc.DLL
0x5e7d0000 - 0x5e7df000 	C:\Program Files (x86)\BlueJ\jdk\jre\bin\nio.dll
0x73b30000 - 0x73b39000 	C:\Windows\system32\hid.dll
0x761a0000 - 0x7633d000 	C:\Windows\syswow64\setupapi.dll
0x763d0000 - 0x763f7000 	C:\Windows\syswow64\CFGMGR32.dll
0x76910000 - 0x76922000 	C:\Windows\syswow64\DEVOBJ.dll
0x77080000 - 0x770af000 	C:\Windows\syswow64\WINTRUST.dll
0x76d50000 - 0x76e71000 	C:\Windows\syswow64\CRYPT32.dll
0x76d40000 - 0x76d4c000 	C:\Windows\syswow64\MSASN1.dll
0x56620000 - 0x56659000 	C:\Program Files (x86)\BlueJ\jdk\jre\bin\fontmanager.dll
0x565f0000 - 0x56620000 	C:\Program Files (x86)\BlueJ\jdk\jre\bin\t2k.dll
0x59a60000 - 0x59a6a000 	C:\Program Files (x86)\BlueJ\jdk\jre\bin\management.dll
0x73810000 - 0x73820000 	C:\Windows\system32\NLAapi.dll
0x73800000 - 0x73810000 	C:\Windows\system32\napinsp.dll
0x73520000 - 0x73532000 	C:\Windows\system32\pnrpnsp.dll
0x704e0000 - 0x70524000 	C:\Windows\system32\DNSAPI.dll
0x737d0000 - 0x737d8000 	C:\Windows\System32\winrnr.dll
0x704b0000 - 0x704d1000 	C:\Program Files (x86)\Bonjour\mdnsNSP.dll
0x70560000 - 0x70565000 	C:\Windows\System32\wshtcpip.dll
0x70430000 - 0x70436000 	C:\Windows\system32\rasadhlp.dll
0x70440000 - 0x70478000 	C:\Windows\System32\fwpuclnt.dll
0x6fd60000 - 0x6fdac000 	C:\Windows\system32\apphelp.dll
0x76340000 - 0x763c3000 	C:\Windows\syswow64\CLBCatQ.DLL
0x736e0000 - 0x737cb000 	C:\Windows\system32\dbghelp.dll

VM Arguments:
jvm_args: -ea -Djavafx.macosx.embedded=true -agentlib:jdwp=transport=dt_shmem,address=javadebug -Dfile.encoding=UTF-8 
java_command: bluej.runtime.ExecServer UTF-8
java_class_path (initial): C:\Program Files (x86)\BlueJ\lib\bluejcore.jar;C:\Program Files (x86)\BlueJ\lib\junit-4.8.2.jar;C:\Users\danielappel\Downloads\jeliotExtension.jar;C:\Program Files (x86)\BlueJ\lib\userlib\jeliotExtension.jar;C:\Program Files (x86)\BlueJ\lib\userlib\pi4j-core.jar;C:\Program Files (x86)\BlueJ\lib\userlib\pi4j-device.jar;C:\Program Files (x86)\BlueJ\lib\userlib\pi4j-gpio-extension.jar;C:\Program Files (x86)\BlueJ\lib\userlib\pi4j-service.jar;C:\Users\danielappel\Dropbox\Acalanes Union\AP Computer Science\Robotics\APCSRobotsBlueJ - STUDENT\+libs\cmulex.jar;C:\Users\danielappel\Dropbox\Acalanes Union\AP Computer Science\Robotics\APCSRobotsBlueJ - STUDENT\+libs\cmu_us_kal.jar;C:\Users\danielappel\Dropbox\Acalanes Union\AP Computer Science\Robotics\APCSRobotsBlueJ - STUDENT\+libs\commons-lang-2.5.jar;C:\Users\danielappel\Dropbox\Acalanes Union\AP Computer Science\Robotics\APCSRobotsBlueJ - STUDENT\+libs\create-lab-commons-audio.jar;C:\Users\danielappel\Dropbox\Acalanes Union\AP Computer Science\Robotics\APCSRobotsBlueJ - STUDENT\+libs\create-lab-commons-device.jar;C:\Users\danielappel\Dropbox\Acalanes Union\AP Computer Science\Robotics\APCSRobotsBlueJ - STUDENT\+libs\create-lab-commons-serial.jar;C:\Users\danielappel\Dropbox\Acalanes Union\AP Computer Science\Robotics\APCSRobotsBlueJ - STUDENT\+libs\create-lab-commons-speech.jar;C:\Users\danielappel\Dropbox\Acalanes Union\AP Computer Science\Robotics\APCSRobotsBlueJ - STUDENT\+libs\create-lab-commons-usb-hid.jar;C:\Users\danielappel\Dropbox\Acalanes Union\AP Computer Science\Robotics\APCSRobotsBlueJ - STUDENT\+libs\create-lab-commons-util.jar;C:\Users\danielappel\Dropbox\Acalanes Union\AP Computer Science\Robotics\APCSRobotsBlueJ - STUDENT\+libs\create-lab-commons-xml.jar;C:\Users\danielappel\Dropbox\Acalanes Union\AP Computer Science\Robotics\APCSRobotsBlueJ - STUDENT\+libs\en_us.jar;C:\Users\danielappel\Dropbox\Acalanes Union\AP Computer Science\Robotics\APCSRobotsBlueJ - STUDENT\+libs\finch.
Launcher Type: SUN_STANDARD

Environment Variables:
PATH=C:\Program Files (x86)\Intel\iCLS Client\;C:\Program Files\Intel\iCLS Client\;C:\ProgramData\Oracle\Java\javapath;C:\Windows\system32;C:\Windows;C:\Windows\System32\Wbem;C:\Windows\System32\WindowsPowerShell\v1.0\;C:\Program Files (x86)\QuickTime\QTSystem\;C:\Program Files\Intel\Intel(R) Management Engine Components\DAL;C:\Program Files\Intel\Intel(R) Management Engine Components\IPT;C:\Program Files (x86)\Intel\Intel(R) Management Engine Components\DAL;C:\Program Files (x86)\Intel\Intel(R) Management Engine Components\IPT;C:\Program Files (x86)\Common Files\Roxio Shared\DLLShared\;C:\Program Files (x86)\Common Files\Roxio Shared\10.0\DLLShared\;C:\Program Files (x86)\NVIDIA Corporation\PhysX\Common;C:\Program Files (x86)\Hitachi Software Engineering\FX-DuoDriver\;C:\Program Files (x86)\Brackets\command;C:\Anaconda2;C:\Anaconda2\Scripts;C:\Anaconda2\Library\bin
USERNAME=danielappel
OS=Windows_NT
PROCESSOR_IDENTIFIER=Intel64 Family 6 Model 42 Stepping 7, GenuineIntel



---------------  S Y S T E M  ---------------

OS: Windows 7 , 64 bit Build 7601 (6.1.7601.19160)

CPU:total 4 (4 cores per cpu, 1 threads per core) family 6 model 42 stepping 7, cmov, cx8, fxsr, mmx, sse, sse2, sse3, ssse3, sse4.1, sse4.2, popcnt, avx, aes, clmul, tsc, tscinvbit

Memory: 4k page, physical 8345632k(2825948k free), swap 16689428k(10024020k free)

vm_info: Java HotSpot(TM) Client VM (25.60-b23) for windows-x86 JRE (1.8.0_60-b27), built on Aug  4 2015 10:57:40 by "java_re" with MS VC++ 10.0 (VS2010)

time: Mon Mar 21 10:40:24 2016
elapsed time: 61 seconds (0d 0h 1m 1s)

